A 12
AND 1
ANYWAYS 1
After 1
Again 1
All 2
Alright 1
And 14
Anyway 1
Anyways 1
Arial 1
As 2
At 1
B 1
BROADWAY 1
BROTHER 1
Badges 1
Based 1
Because 1
But 14
COOLER 1
DARK 1
DETERMINATION 1
DEVASTATING 1
DIRECT 1
Doctor 1
During 1
EITHER 1
EXECUTION 1
EXP 1
End 1
Especially 1
Except 1
FNAF 3
FOR 1
For 1
Fox 1
GAME 2
Good 2
HE 1
He 14
Hello 1
Hes 1
His 2
Hmmm 1
I 22
IS 1
If 2
Im 1
In 8
Internet 1
Is 2
It 8
Its 1
Just 1
Key 1
LEVELS 1
LOT 1
LOVE 1
Let 1
MAN 1
Maybe 1
NESS 1
NO 1
No 1
Not 4
Notice 1
Now 6
OF 1
OH 1
ONE 1
Of 1
Oh 1
Ohoh 1
PEOPLE 1
POINTS 1
PROMISE 2
PSI 1
Papyrus 1
Pokey 1
Porky 1
REALLY 1
RPG 2
Reddit 1
Remember 3
S 1
SANS 3
SO 1
SPARING 1
SPOILER 1
Sans 3
Snowden 1
So 7
Something 1
THANKS 1
THAT 1
THEORY 2
Take 1
That 6
The 4
Then 1
They 1
This 2
To 1
Toby 1
Too 1
Truly 1
Twitter 1
UNDERTALE 2
Undertale 2
VIOLENCE 1
WARNING 1
WAS 1
WATCHING 2
WE 1
WHO 1
WHOA 1
Wait 1
We 1
Well 9
What 4
When 2
Whether 1
Which 1
Why 2
Wierd 1
YOU 1
Yeah 2
Yes 1
You 3
YouTube 1
a 102
ability 1
able 4
about 5
accident 1
accompanied 1
acknowledges 1
across 1
acts 1
actually 2
added 1
adjacent 2
admit 1
adopting 1
adult 1
adventures 1
after 4
against 2
ago 1
album 4
alien 1
all 15
allows 1
along 1
alpyhs 1
also 5
always 2
amalgamates 1
amongst 1
amount 1
an 8
anagram 1
and 58
andonuts 5
another 1
answers 1
any 2
anymore 1
anyways 1
apparently 1
appeal 1
appear 1
appearance 2
appeared 1
appearing 1
appears 2
apple 2
arbiter 1
are 5
area 1
aren 1
arm 2
armor 2
around 2
as 15
ashamed 1
aside 1
ask 1
asked 1
asks 1
asserted 1
assumes 1
astronomical 1
at 10
attention 1
aware 2
away 1
awesome 1
awfully 1
awkward 1
aws 1
back 11
backpack 1
badge 13
ball 1
based 1
battle 3
be 9
beach 2
bears 2
beautiful 1
because 2
been 3
before 2
beginning 1
beginnings 1
behavior 1
behind 3
being 8
belong 1
best 2
better 1
between 2
big 4
bleeds 1
blind 1
blown 1
blueprints 3
board 1
bodies 1
body 1
bones 1
bored 1
boss 2
both 2
bottom 1
brings 2
broken 3
bros 1
brothers 2
brought 1
bunch 1
but 11
by 9
calibri 1
call 2
called 2
came 1
can 5
carries 1
carrying 1
character 5
characters 3
chest 1
chests 1
city 3
claims 1
clear 1
clearly 2
closely 1
clues 1
coast 1
colorful 1
come 3
comes 2
comic 1
commentary 1
comments 1
complete 1
completely 1
complex 1
connected 2
connection 2
connects 1
consequences 1
considers 1
continuation 1
continue 2
continues 1
cool 1
correct 1
cost 1
costume 1
could 3
count 1
couple 1
courage 2
course 1
cover 1
covering 2
crazy 2
create 1
creating 1
creators 1
crew 1
cried 1
crossovers 1
curious 1
curtain 2
curved 2
custom 1
d 2
dark 1
date 1
day 2
deadly 1
deadpool 1
deal 1
death 1
defeat 1
defeating 1
definite 1
definitely 1
departure 1
desert 1
design 1
designing 1
despite 1
dessert 1
detail 2
details 2
determination 2
determined 1
dialogue 2
different 7
dinner 1
distorted 1
distorter 5
do 4
does 4
doesn 3
don 11
doubt 1
dr 3
drawer 2
during 2
dweller 1
eagleland 2
earth 2
earthbound 19
east 2
easter 2
egg 2
either 2
encounter 1
end 2
ended 1
ending 1
endings 2
enemies 1
enemy 1
english 1
enough 1
enter 1
episode 1
even 5
events 1
ever 1
every 2
everyone 2
evidence 2
evil 1
exact 1
except 1
experienced 1
experiments 2
explain 3
explaining 1
explains 2
explanation 1
faces 2
fact 1
fair 1
familiar 1
fart 1
father 1
favorite 1
fears 1
feature 1
featuring 1
feel 1
feeling 2
few 1
fight 1
figure 1
final 3
finally 2
find 3
finished 1
first 4
fit 5
flowery 1
fodder 1
font 8
fonts 1
for 14
forget 2
fourside 1
fox 3
franchises 1
franklin 4
friend 1
friends 3
from 20
full 1
fun 2
further 2
game 19
gaming 2
gaster 2
gave 1
geniuses 1
genocide 1
geographic 2
get 6
gets 1
getting 2
ghostly 1
giant 1
gift 1
given 4
gives 1
giygas 3
glad 1
go 5
goals 1
goat 1
goes 1
going 5
gone 2
goodbye 1
goofy 2
gotten 1
grind 1
group 1
grown 1
guilt 2
guy 1
hack 4
had 4
hail 1
halloween 2
hand 2
handdrawn 1
hands 1
handwriting 2
hanging 1
happened 1
happening 1
happens 2
hardest 1
has 8
have 11
haven 4
he 26
hear 1
heavens 1
help 1
hence 3
here 5
heroes 1
hey 1
hidden 3
him 6
himself 2
his 21
histories 1
history 2
hit 2
hits 1
home 8
honestly 2
hope 2
hopes 1
hopped 1
horizon 1
hotel 1
how 4
huge 1
human 3
humans 1
i 13
iconic 1
if 8
ignored 1
illegible 2
imagine 1
important 7
in 54
incredibly 1
indie 1
infact 1
infinite 1
initial 1
instead 2
interesting 1
into 3
intriguing 1
is 39
isn 2
it 29
item 3
items 3
its 3
itself 1
jeff 1
joke 1
jokes 1
journey 1
judgements 1
just 14
kept 1
key 2
kid 2
kids 3
killed 2
killing 1
kinda 1
kinship 1
knew 1
know 11
knowledge 4
known 3
lack 1
landscape 1
large 1
larger 1
later 1
latest 1
laying 1
layout 1
leap 1
learn 1
least 2
leave 1
left 1
legs 1
let 2
letter 1
life 1
like 6
likes 1
line 1
linguistic 1
linked 2
linking 1
lives 1
ll 1
location 1
logical 1
long 1
longer 1
look 7
looking 1
looks 2
lot 10
loud 1
love 1
lover 1
loyal 1
m 7
machine 8
made 3
make 1
makes 1
making 2
man 1
many 2
map 1
mark 1
marketing 1
marks 1
match 2
material 1
matter 1
may 1
maybe 2
me 8
mean 1
means 1
megalovania 1
memory 1
mentioning 1
met 1
meteor 1
mettaton 1
middle 1
minute 1
missing 1
mom 1
moment 1
monsters 3
more 8
most 4
mother 6
motivations 1
mountain 3
mr 2
much 4
multiple 1
must 2
my 2
myself 1
mystery 2
nagging 1
name 2
named 3
names 1
need 3
needed 1
ness 10
never 4
new 2
next 1
nintendo 1
no 8
none 1
nonviolent 1
not 9
note 1
notice 1
notices 1
nowhere 1
number 1
obligatory 1
obtain 1
oddly 3
odds 1
of 88
off 1
old 1
on 13
once 1
one 20
ones 1
onett 2
only 6
onto 1
opening 1
or 8
order 4
organic 2
origins 2
other 3
otherwise 1
our 1
out 12
over 2
pacifist 1
papyrus 8
part 3
particular 1
partner 1
passing 1
past 3
people 3
period 1
personal 1
personality 2
phase 6
photo 4
photobook 1
physical 2
picture 1
pieces 2
pile 1
pivotal 1
place 2
play 1
played 5
player 2
plenty 1
pockets 1
pointed 1
pool 1
possibility 1
posture 1
power 3
present 1
presumably 2
pretty 3
previous 1
previously 1
probably 1
process 1
promising 1
pronounced 1
proof 1
prototypes 1
provide 1
put 3
putting 1
question 3
questions 2
quirky 1
quite 1
quote 5
re 7
reach 2
ready 1
really 5
reason 1
recap 1
recognize 3
references 2
reflection 1
refresher 1
regret 1
remember 3
removed 1
represented 2
request 1
researched 1
reskin 1
responsible 1
rest 2
result 2
returned 1
reunites 1
reveals 1
ridiculous 1
right 3
robot 1
room 2
routes 1
rpg 1
run 1
s 46
sacrifice 1
said 2
same 2
sand 1
sandy 1
sans 24
satisfying 1
saturn 1
saturns 1
save 1
saved 1
saving 2
saw 2
say 5
says 6
scene 2
science 1
searching 1
second 1
secrets 1
section 1
see 4
seem 2
seemingly 2
seems 4
seen 1
self 2
separated 1
sequel 1
series 6
serious 1
shopkeeper 1
short 3
shortcuts 1
should 1
showed 1
shown 2
shows 2
side 2
sidekick 1
signature 1
similar 2
similarities 2
simple 1
since 1
skeletal 1
skeleton 2
skeletons 1
sky 1
skyscrapers 1
slaughtering 1
smash 2
smiling 1
so 6
some 3
somehow 1
something 2
sometimes 1
son 1
song 1
sons 2
soul 1
souls 3
space 3
speak 1
special 1
specific 1
spoiler 1
stands 2
staple 1
starman 1
starmen 2
start 2
started 2
step 1
still 1
stood 1
story 4
straight 2
stretch 2
striking 1
strong 1
strongest 1
stuck 3
studying 1
style 2
such 1
suddenly 2
suffered 1
summers 1
sun 5
sunset 1
super 1
suppose 1
supposedly 1
sure 2
surface 11
swim 1
sympathetic 1
t 22
take 2
takes 2
taking 1
tale 1
talk 1
talking 1
talks 1
tall 2
teleport 3
tell 1
telling 1
tells 1
test 1
than 3
that 49
the 177
their 6
them 3
theme 1
themselves 1
then 2
theories 1
theorists 2
theory 2
there 7
thereby 1
these 3
they 3
thing 1
things 2
think 2
this 16
those 3
though 3
thought 2
through 6
throughout 1
throwaway 1
time 14
timeline 2
timelines 1
times 3
to 86
toby 4
too 1
took 1
trait 2
transport 1
trap 1
travel 2
travelling 1
trees 1
trilogy 1
tropical 1
true 2
truly 1
trusty 1
truth 2
trying 3
turning 1
two 4
uh 1
unclear 1
underground 1
undertale 19
undertales 1
underworld 3
undyne 1
unexciting 1
unique 2
universe 1
unlock 1
until 1
unto 1
up 7
update 1
us 2
use 3
used 3
various 1
ve 6
version 3
versions 1
very 6
via 2
visiting 1
w 1
walking 1
walls 1
want 3
wanting 1
wants 3
warning 1
was 10
water 3
way 4
we 11
wears 1
welcome 1
well 3
were 2
what 13
whatever 1
when 2
where 5
which 3
who 9
whole 1
why 5
wierd 1
will 1
with 25
without 1
won 1
wondering 1
word 3
words 1
work 1
worked 1
workshop 3
world 13
worried 1
worry 1
worth 1
would 7
wound 1
written 1
you 47
young 1
your 3
zero 1

the 177
a 102
of 88
to 86
and 58
in 54
that 49
you 47
s 46
is 39
it 29
he 26
with 25
sans 24
t 22
I 22
his 21
from 20
one 20
earthbound 19
game 19
undertale 19
this 16
as 15
all 15
time 14
And 14
for 14
He 14
just 14
But 14
badge 13
world 13
i 13
what 13
on 13
A 12
out 12
have 11
but 11
back 11
don 11
surface 11
know 11
we 11
ness 10
at 10
lot 10
was 10
by 9
be 9
not 9
Well 9
who 9
more 8
machine 8
me 8
home 8
if 8
an 8
papyrus 8
It 8
In 8
has 8
or 8
being 8
no 8
font 8
re 7
look 7
important 7
So 7
would 7
m 7
there 7
up 7
different 7
ve 6
series 6
like 6
That 6
their 6
through 6
get 6
him 6
only 6
phase 6
very 6
Now 6
says 6
so 6
mother 6
really 5
go 5
even 5
andonuts 5
also 5
why 5
here 5
played 5
distorter 5
sun 5
quote 5
say 5
fit 5
where 5
about 5
are 5
going 5
can 5
character 5
knowledge 4
story 4
do 4
much 4
does 4
franklin 4
two 4
way 4
What 4
able 4
photo 4
how 4
order 4
hack 4
seems 4
never 4
first 4
after 4
see 4
given 4
album 4
Not 4
most 4
haven 4
big 4
had 4
toby 4
The 4
mountain 3
though 3
used 3
question 3
item 3
dr 3
them 3
hence 3
FNAF 3
giygas 3
than 3
souls 3
kids 3
come 3
put 3
characters 3
people 3
find 3
need 3
wants 3
remember 3
power 3
stuck 3
battle 3
broken 3
been 3
made 3
its 3
items 3
other 3
short 3
fox 3
water 3
use 3
times 3
oddly 3
known 3
Sans 3
hidden 3
version 3
explain 3
blueprints 3
behind 3
those 3
pretty 3
right 3
You 3
your 3
could 3
human 3
which 3
these 3
recognize 3
workshop 3
doesn 3
Remember 3
friends 3
SANS 3
space 3
they 3
trying 3
word 3
city 3
final 3
teleport 3
into 3
named 3
want 3
monsters 3
past 3
well 3
part 3
some 3
underworld 3
between 2
himself 2
feeling 2
when 2
determination 2
straight 2
stands 2
physical 2
things 2
His 2
many 2
suddenly 2
connected 2
tall 2
both 2
then 2
boss 2
were 2
actually 2
truth 2
because 2
everyone 2
halloween 2
hope 2
travel 2
All 2
best 2
GAME 2
east 2
theorists 2
beach 2
seem 2
history 2
gaster 2
brings 2
continue 2
drawer 2
either 2
easter 2
self 2
same 2
side 2
gone 2
around 2
said 2
curved 2
during 2
name 2
take 2
presumably 2
shows 2
saving 2
skeleton 2
style 2
eagleland 2
call 2
covering 2
forget 2
every 2
experiments 2
crazy 2
questions 2
appearance 2
hand 2
pieces 2
detail 2
onett 2
start 2
timeline 2
THEORY 2
This 2
references 2
killed 2
Is 2
thought 2
geographic 2
shown 2
stretch 2
any 2
When 2
further 2
looks 2
guilt 2
armor 2
key 2
trait 2
goofy 2
PROMISE 2
something 2
think 2
UNDERTALE 2
saw 2
making 2
origins 2
before 2
gaming 2
isn 2
new 2
fun 2
linked 2
hit 2
let 2
represented 2
connection 2
As 2
appears 2
arm 2
smash 2
comes 2
Yeah 2
evidence 2
If 2
via 2
curtain 2
dialogue 2
clearly 2
personality 2
Good 2
d 2
takes 2
day 2
called 2
similar 2
earth 2
getting 2
Why 2
end 2
kid 2
apple 2
happens 2
least 2
started 2
starmen 2
must 2
finally 2
bears 2
theory 2
details 2
match 2
adjacent 2
true 2
RPG 2
aware 2
instead 2
us 2
against 2
handwriting 2
egg 2
seemingly 2
honestly 2
endings 2
maybe 2
scene 2
organic 2
my 2
courage 2
over 2
rest 2
sons 2
always 2
sure 2
reach 2
WATCHING 2
result 2
mr 2
faces 2
room 2
similarities 2
place 2
player 2
brothers 2
mystery 2
unique 2
Undertale 2
explains 2
illegible 2
strong 1
ones 1
transport 1
science 1
course 1
tell 1
latest 1
knew 1
bottom 1
ll 1
meteor 1
away 1
love 1
MAN 1
ever 1
returned 1
undyne 1
such 1
theories 1
gotten 1
imagine 1
nonviolent 1
beautiful 1
bros 1
intriguing 1
humans 1
beginning 1
song 1
crew 1
worry 1
gets 1
Badges 1
After 1
AND 1
across 1
HE 1
body 1
whatever 1
defeating 1
handdrawn 1
amount 1
based 1
better 1
mettaton 1
moment 1
sequel 1
striking 1
Hes 1
probably 1
B 1
number 1
goat 1
except 1
Which 1
DARK 1
chests 1
none 1
Wierd 1
pronounced 1
fourside 1
hanging 1
save 1
help 1
fart 1
should 1
cool 1
goes 1
reskin 1
enough 1
pile 1
colorful 1
myself 1
nagging 1
End 1
asks 1
YouTube 1
minute 1
creators 1
appear 1
desert 1
staple 1
seen 1
left 1
commentary 1
Hello 1
simple 1
odds 1
long 1
gift 1
talk 1
comments 1
geniuses 1
added 1
explaining 1
acts 1
shortcuts 1
tale 1
notice 1
saturns 1
anyways 1
aren 1
couple 1
obtain 1
material 1
huge 1
visiting 1
longer 1
Snowden 1
joke 1
prototypes 1
worth 1
sand 1
ashamed 1
leap 1
researched 1
line 1
Alright 1
favorite 1
personal 1
Just 1
legs 1
itself 1
once 1
mark 1
Anyway 1
posture 1
father 1
worked 1
mentioning 1
summers 1
travelling 1
reason 1
otherwise 1
heroes 1
figure 1
obligatory 1
showed 1
linguistic 1
super 1
update 1
determined 1
regret 1
ANYWAYS 1
suppose 1
hopped 1
laying 1
consequences 1
fair 1
hail 1
dinner 1
judgements 1
connects 1
mean 1
words 1
gave 1
sky 1
asserted 1
claims 1
skeletal 1
Maybe 1
without 1
promising 1
trilogy 1
date 1
hear 1
feel 1
Arial 1
accompanied 1
continuation 1
carrying 1
period 1
ball 1
group 1
guy 1
They 1
flowery 1
fact 1
life 1
histories 1
fodder 1
glad 1
iconic 1
area 1
To 1
larger 1
appeal 1
sidekick 1
putting 1
Toby 1
our 1
dark 1
bodies 1
young 1
journey 1
make 1
fonts 1
strongest 1
possibility 1
infact 1
w 1
run 1
pacifist 1
deadly 1
slaughtering 1
request 1
deal 1
friend 1
tells 1
until 1
beginnings 1
apparently 1
infinite 1
won 1
complete 1
trees 1
familiar 1
nintendo 1
walls 1
Wait 1
taking 1
behavior 1
came 1
suffered 1
still 1
specific 1
ghostly 1
lover 1
finished 1
Truly 1
too 1
written 1
megalovania 1
jeff 1
bleeds 1
wound 1
acknowledges 1
No 1
trusty 1
son 1
appeared 1
We 1
quite 1
design 1
Again 1
lack 1
location 1
answers 1
ending 1
motivations 1
sympathetic 1
Internet 1
adopting 1
enemy 1
wears 1
awfully 1
astronomical 1
create 1
second 1
continues 1
serious 1
enter 1
curious 1
hopes 1
Oh 1
lives 1
grown 1
horizon 1
underground 1
POINTS 1
count 1
various 1
mom 1
completely 1
sometimes 1
clues 1
rpg 1
aws 1
sandy 1
turning 1
may 1
Doctor 1
Of 1
At 1
Then 1
anymore 1
belong 1
Hmmm 1
hey 1
signature 1
Im 1
somehow 1
Ohoh 1
throwaway 1
met 1
Based 1
departure 1
kinship 1
YOU 1
middle 1
talks 1
Except 1
thereby 1
process 1
wondering 1
Because 1
stood 1
cover 1
responsible 1
ability 1
distorted 1
picture 1
gives 1
deadpool 1
creating 1
defeat 1
reflection 1
loyal 1
brought 1
english 1
proof 1
later 1
jokes 1
complex 1
goals 1
assumes 1
present 1
whole 1
featuring 1
notices 1
ready 1
old 1
Papyrus 1
marks 1
definite 1
speak 1
robot 1
nowhere 1
skeletons 1
adult 1
spoiler 1
THANKS 1
happened 1
closely 1
provide 1
pivotal 1
doubt 1
initial 1
few 1
costume 1
map 1
names 1
Notice 1
blown 1
quirky 1
Anyways 1
hotel 1
likes 1
partner 1
worried 1
bones 1
needed 1
another 1
BROTHER 1
dessert 1
thing 1
reveals 1
considers 1
means 1
experienced 1
wanting 1
Reddit 1
awkward 1
smiling 1
appearing 1
SPOILER 1
wierd 1
amongst 1
ask 1
starman 1
interesting 1
genocide 1
refresher 1
definitely 1
During 1
off 1
REALLY 1
secrets 1
incredibly 1
encounter 1
fears 1
Twitter 1
Take 1
missing 1
man 1
coast 1
LOT 1
throughout 1
feature 1
EXP 1
timelines 1
attention 1
Porky 1
theme 1
telling 1
pockets 1
chest 1
section 1
goodbye 1
DETERMINATION 1
routes 1
makes 1
hands 1
unclear 1
crossovers 1
THAT 1
despite 1
EXECUTION 1
warning 1
opening 1
grind 1
BROADWAY 1
SPARING 1
PSI 1
WHO 1
exact 1
landscape 1
DEVASTATING 1
dweller 1
LEVELS 1
comic 1
soul 1
enemies 1
previous 1
backpack 1
searching 1
correct 1
separated 1
clear 1
admit 1
unto 1
EITHER 1
ago 1
giant 1
LOVE 1
passing 1
NESS 1
death 1
killing 1
saturn 1
COOLER 1
SO 1
bunch 1
learn 1
fight 1
pointed 1
photobook 1
looking 1
saved 1
hardest 1
WARNING 1
recap 1
memory 1
WAS 1
next 1
calibri 1
step 1
skyscrapers 1
plenty 1
along 1
carries 1
walking 1
kinda 1
swim 1
special 1
Pokey 1
Its 1
removed 1
alpyhs 1
happening 1
studying 1
heavens 1
WHOA 1
Too 1
awesome 1
S 1
previously 1
Fox 1
test 1
NO 1
Especially 1
alien 1
leave 1
Yes 1
onto 1
indie 1
ONE 1
FOR 1
marketing 1
IS 1
undertales 1
since 1
talking 1
WE 1
amalgamates 1
cried 1
multiple 1
arbiter 1
blind 1
work 1
universe 1
satisfying 1
linking 1
aside 1
trap 1
bored 1
PEOPLE 1
Key 1
accident 1
shopkeeper 1
episode 1
will 1
OH 1
unexciting 1
events 1
Something 1
particular 1
VIOLENCE 1
ignored 1
board 1
welcome 1
explanation 1
letter 1
DIRECT 1
zero 1
sunset 1
layout 1
play 1
logical 1
OF 1
themselves 1
pool 1
Whether 1
reunites 1
designing 1
cost 1
adventures 1
asked 1
ridiculous 1
uh 1
anagram 1
large 1
note 1
Let 1
kept 1
truly 1
unlock 1
loud 1
took 1
custom 1
matter 1
full 1
ended 1
versions 1
franchises 1
hits 1
tropical 1
For 1
sacrifice 1
allows 1
evil 1
supposedly 1
