
probe 211 430 990 reaches bucket: 8 elements
223 353 872 
682 323 735 
72 521 228 
158 318 509 
946 812 716 
308 110 712 
441 697 210 
865 806 586 

probe 385 991 921 reaches bucket: 8 elements
218 249 173 
604 697 361 
494 728 918 
619 738 623 
477 670 428 
425 114 604 
687 865 843 
799 27 701 

probe 687 358 731 reaches bucket: 8 elements
615 47 849 
887 69 72 
994 100 567 
455 368 797 
934 829 326 
977 648 130 
626 554 603 
450 383 243 

probe 800 148 105 reaches bucket: 8 elements
615 47 849 
887 69 72 
994 100 567 
455 368 797 
934 829 326 
977 648 130 
626 554 603 
450 383 243 

probe 854 484 753 reaches bucket: 8 elements
223 353 872 
682 323 735 
72 521 228 
158 318 509 
946 812 716 
308 110 712 
441 697 210 
865 806 586 

probe 274 368 52 reaches bucket: 8 elements
615 47 849 
887 69 72 
994 100 567 
455 368 797 
934 829 326 
977 648 130 
626 554 603 
450 383 243 

probe 903 804 969 reaches bucket: 8 elements
218 249 173 
604 697 361 
494 728 918 
619 738 623 
477 670 428 
425 114 604 
687 865 843 
799 27 701 

probe 18 77 308 reaches bucket: 8 elements
615 47 849 
887 69 72 
994 100 567 
455 368 797 
934 829 326 
977 648 130 
626 554 603 
450 383 243 

probe 818 448 286 reaches bucket: 8 elements
223 353 872 
682 323 735 
72 521 228 
158 318 509 
946 812 716 
308 110 712 
441 697 210 
865 806 586 

probe 425 673 234 reaches bucket: 8 elements
223 353 872 
682 323 735 
72 521 228 
158 318 509 
946 812 716 
308 110 712 
441 697 210 
865 806 586 

